<?xml version="1.0" encoding="UTF-8"?>
<!-- Generated by org.testng.reporters.JUnitReportReporter -->
<testsuite hostname="DESKTOP-J5JKRU5" failures="0" tests="2" name="SearchItem" time="3.523" errors="0" timestamp="2020-05-01T12:34:38 IST" skipped="0">
  <testcase classname="SearchItem" name="searchItem" time="1.619"/>
  <system-out/>
  <testcase classname="SearchItem" name="searchItem" time="1.904"/>
  <system-out/>
</testsuite> <!-- SearchItem -->
